<?xml version="1.0" encoding="UTF-8"?>
<testsuite name="com.beekeeper.desktop.integration.InspectionIntegrationTest" tests="4" skipped="0" failures="0" errors="0" timestamp="2026-02-13T23:02:22.464Z" hostname="MN-EXC7WJQGV63R" time="0.002">
  <properties/>
  <testcase name="testCreateInspectionWithAllFields()" classname="com.beekeeper.desktop.integration.InspectionIntegrationTest" time="0.001"/>
  <testcase name="testDeleteInspection()" classname="com.beekeeper.desktop.integration.InspectionIntegrationTest" time="0.0"/>
  <testcase name="testVarroaCountConstraint()" classname="com.beekeeper.desktop.integration.InspectionIntegrationTest" time="0.001"/>
  <testcase name="testUpdateInspection()" classname="com.beekeeper.desktop.integration.InspectionIntegrationTest" time="0.0"/>
  <system-out><![CDATA[Setting up integration test environment
Setting up integration test environment
Setting up integration test environment
Setting up integration test environment
]]></system-out>
  <system-err><![CDATA[]]></system-err>
</testsuite>
