<?xml version="1.0" encoding="UTF-8"?>
<testsuite name="com.beekeeper.desktop.integration.CalendarIntegrationTest" tests="4" skipped="0" failures="0" errors="0" timestamp="2026-02-13T23:02:22.446Z" hostname="MN-EXC7WJQGV63R" time="0.014">
  <properties/>
  <testcase name="testDeleteCalendarEvent()" classname="com.beekeeper.desktop.integration.CalendarIntegrationTest" time="0.007"/>
  <testcase name="testToggleCompletedStatus()" classname="com.beekeeper.desktop.integration.CalendarIntegrationTest" time="0.001"/>
  <testcase name="testUpdateCalendarEvent()" classname="com.beekeeper.desktop.integration.CalendarIntegrationTest" time="0.001"/>
  <testcase name="testCreateCalendarEvent()" classname="com.beekeeper.desktop.integration.CalendarIntegrationTest" time="0.0"/>
  <system-out><![CDATA[Setting up integration test environment
Setting up integration test environment
Setting up integration test environment
Setting up integration test environment
]]></system-out>
  <system-err><![CDATA[]]></system-err>
</testsuite>
