<?xml version="1.0" encoding="UTF-8"?>
<testsuite name="com.beekeeper.desktop.integration.TaxationIntegrationTest" tests="4" skipped="0" failures="0" errors="0" timestamp="2026-02-13T23:02:22.466Z" hostname="MN-EXC7WJQGV63R" time="0.002">
  <properties/>
  <testcase name="testCreateTaxationWithFrames()" classname="com.beekeeper.desktop.integration.TaxationIntegrationTest" time="0.0"/>
  <testcase name="testUpdateTaxation()" classname="com.beekeeper.desktop.integration.TaxationIntegrationTest" time="0.0"/>
  <testcase name="testDeleteTaxationCascadesToFrames()" classname="com.beekeeper.desktop.integration.TaxationIntegrationTest" time="0.0"/>
  <testcase name="testFramePositionOrdering()" classname="com.beekeeper.desktop.integration.TaxationIntegrationTest" time="0.0"/>
  <system-out><![CDATA[Setting up integration test environment
Setting up integration test environment
Setting up integration test environment
Setting up integration test environment
]]></system-out>
  <system-err><![CDATA[]]></system-err>
</testsuite>
