<?xml version="1.0" encoding="UTF-8"?>
<testsuite name="com.beekeeper.desktop.integration.FeedingIntegrationTest" tests="4" skipped="0" failures="0" errors="0" timestamp="2026-02-13T23:02:22.461Z" hostname="MN-EXC7WJQGV63R" time="0.003">
  <properties/>
  <testcase name="testCreateFeeding()" classname="com.beekeeper.desktop.integration.FeedingIntegrationTest" time="0.0"/>
  <testcase name="testUpdateFeeding()" classname="com.beekeeper.desktop.integration.FeedingIntegrationTest" time="0.0"/>
  <testcase name="testAutoCalculateAmount()" classname="com.beekeeper.desktop.integration.FeedingIntegrationTest" time="0.0"/>
  <testcase name="testDeleteFeeding()" classname="com.beekeeper.desktop.integration.FeedingIntegrationTest" time="0.001"/>
  <system-out><![CDATA[Setting up integration test environment
Setting up integration test environment
Setting up integration test environment
Setting up integration test environment
]]></system-out>
  <system-err><![CDATA[]]></system-err>
</testsuite>
