<?xml version="1.0" encoding="UTF-8"?>
<testsuite name="com.beekeeper.desktop.util.ValidationHelperTest" tests="9" skipped="0" failures="0" errors="0" timestamp="2026-02-13T23:02:22.481Z" hostname="MN-EXC7WJQGV63R" time="0.003">
  <properties/>
  <testcase name="testIsValidIntegerWithEmptyInput()" classname="com.beekeeper.desktop.util.ValidationHelperTest" time="0.0"/>
  <testcase name="testParseDouble()" classname="com.beekeeper.desktop.util.ValidationHelperTest" time="0.0"/>
  <testcase name="testIsValidDoubleWithEmptyInput()" classname="com.beekeeper.desktop.util.ValidationHelperTest" time="0.0"/>
  <testcase name="testIsValidIntegerWithValidInput()" classname="com.beekeeper.desktop.util.ValidationHelperTest" time="0.0"/>
  <testcase name="testIsValidDoubleWithValidInput()" classname="com.beekeeper.desktop.util.ValidationHelperTest" time="0.001"/>
  <testcase name="testIsValidDoubleWithInvalidInput()" classname="com.beekeeper.desktop.util.ValidationHelperTest" time="0.0"/>
  <testcase name="testIsValidIntegerWithInvalidInput()" classname="com.beekeeper.desktop.util.ValidationHelperTest" time="0.0"/>
  <testcase name="testParseInt()" classname="com.beekeeper.desktop.util.ValidationHelperTest" time="0.0"/>
  <testcase name="testIsInRange()" classname="com.beekeeper.desktop.util.ValidationHelperTest" time="0.0"/>
  <system-out><![CDATA[]]></system-out>
  <system-err><![CDATA[]]></system-err>
</testsuite>
